# configure exec: ./configure --prefix=/home/sanjay/fabric-samples/fabcar/apiserver/node_modules/node-rdkafka/build/deps --libdir=/home/sanjay/fabric-samples/fabcar/apiserver/node_modules/node-rdkafka/build/deps --prefix=/home/sanjay/fabric-samples/fabcar/apiserver/node_modules/node-rdkafka/build/deps --libdir=/home/sanjay/fabric-samples/fabcar/apiserver/node_modules/node-rdkafka/build/deps
# On Sun  8 Nov 21:52:41 IST 2020
DBG 5966: Setting distro (distro) status to ok (action ignore)
DBG 5966: ccenv: WITH_CC:  --version failed: mklove/modules/configure.base: line 1747: --version: command not found
DBG 5966: Setting ccenv (ccenv) status to failed (action cont)
DBG 5966: Check ccenv (WITH_CC, action cont (originally cont)) failed: command ' --version' failed:
mklove/modules/configure.base: line 1747: --version: command not found
DBG 5966: Setting gcc (gcc) status to ok (action cont)
DBG 5966: cxxenv: WITH_CXX:  --version failed: mklove/modules/configure.base: line 1747: --version: command not found
DBG 5966: Setting cxxenv (cxxenv) status to failed (action cont)
DBG 5966: Check cxxenv (WITH_CXX, action cont (originally cont)) failed: command ' --version' failed:
mklove/modules/configure.base: line 1747: --version: command not found
DBG 5966: Setting gxx (gxx) status to ok (action cont)
DBG 5966: Setting ld (ld) status to ok (action disable)
DBG 5966: Setting nm (nm) status to ok (action disable)
DBG 5966: Setting objdump (objdump) status to ok (action disable)
DBG 5966: Setting strip (strip) status to ok (action disable)
DBG 5966: libtool: : libtool is not executable: 
DBG 5966: Setting libtool (libtool) status to failed (action disable)
DBG 5966: Check libtool (, action disable (originally disable)) failed: libtool is not executable
DBG 5966: Setting pkgconfig (pkgconfig) status to ok (action cont)
DBG 5966: Setting install (install) status to ok (action cont)
DBG 5966: Compile check PIC (HAVE_PIC) (sub=0): gcc  -g -O2 -Wall -Werror _mkltmpu33h0v.c -o _mkltmpu33h0v.c.o  -L/home/sanjay/fabric-samples/fabcar/apiserver/node_modules/node-rdkafka/build/deps -fPIC
DBG 5966: Setting PIC (PIC) status to ok (action disable)
DBG 5966: Compile check gnulib (WITH_GNULD) (sub=0): gcc  -g -O2 -fPIC -Wall -Werror _mkltmpaSrsOo.c -o _mkltmpaSrsOo.c.o  -L/home/sanjay/fabric-samples/fabcar/apiserver/node_modules/node-rdkafka/build/deps -shared -Wl,-soname,mkltest.0
DBG 5966: Setting gnulib (gnulib) status to ok (action cont)
DBG 5966: Compile check ldsflagvs () (sub=0): gcc  -g -O2 -fPIC -Wall -Werror _mkltmp0DLm4J.c -o _mkltmp0DLm4J.c.o  -L/home/sanjay/fabric-samples/fabcar/apiserver/node_modules/node-rdkafka/build/deps -shared -Wl,--version-script=_mkltmpDNzCKb
DBG 5966: Setting ldsflagvs (ldsflagvs) status to ok (action cont)
DBG 5966: Compile check __atomic_32 (HAVE_ATOMICS_32) (sub=0): gcc  -g -O2 -fPIC -Wall -Werror _mkltmpP30bcm.c -o _mkltmpP30bcm.c.o  -L/home/sanjay/fabric-samples/fabcar/apiserver/node_modules/node-rdkafka/build/deps 
DBG 5966: Setting __atomic_32 (__atomic_32) status to ok (action cont)
DBG 5966: Compile check __atomic_64 (HAVE_ATOMICS_64) (sub=0): gcc  -g -O2 -fPIC -Wall -Werror _mkltmpB1o1DL.c -o _mkltmpB1o1DL.c.o  -L/home/sanjay/fabric-samples/fabcar/apiserver/node_modules/node-rdkafka/build/deps 
DBG 5966: Setting __atomic_64 (__atomic_64) status to ok (action cont)
DBG 5966: Compile check socket () (sub=0): gcc  -g -O2 -fPIC -Wall -Wsign-compare -Wfloat-equal -Wpointer-arith -Wcast-align -Wall -Werror _mkltmpdGGJBt.c -o _mkltmpdGGJBt.c.o  -L/home/sanjay/fabric-samples/fabcar/apiserver/node_modules/node-rdkafka/build/deps 
DBG 5966: Setting socket (socket) status to ok (action cont)
DBG 5966: Setting parseversion (parseversion) status to ok (action cont)
DBG 5966: pkg-config check librt for CFLAGS (): pkg-config --short-errors --cflags librt
DBG 5966: 'pkg-config --short-errors --cflags librt' failed: No package 'librt' found
DBG 5966: Setting librt_PKGCONFIG (librt_PKGCONFIG) status to failed (action cont)
DBG 5966: Check librt_PKGCONFIG (, action cont (originally cont)) failed: 'pkg-config --short-errors --cflags librt' failed:
No package 'librt' found
DBG 5966: librt: Check for static library (libs -lrt, arfile variable STATIC_LIB_librt=, static filenames )
DBG 5966: Compile check librt () (sub=0): gcc  -g -O2 -fPIC -Wall -Wsign-compare -Wfloat-equal -Wpointer-arith -Wcast-align -Wall -Werror _mkltmpiFEhTj.c -o _mkltmpiFEhTj.c.o  -L/home/sanjay/fabric-samples/fabcar/apiserver/node_modules/node-rdkafka/build/deps -lrt
DBG 5966: Setting librt (librt) status to ok (action cont)
DBG 5966: librt: from lib_check: LIBS: prepend -lrt
DBG 5966: pkg-config check libpthread for CFLAGS (): pkg-config --short-errors --cflags libpthread
DBG 5966: 'pkg-config --short-errors --cflags libpthread' failed: No package 'libpthread' found
DBG 5966: Setting libpthread_PKGCONFIG (libpthread_PKGCONFIG) status to failed (action cont)
DBG 5966: Check libpthread_PKGCONFIG (, action cont (originally cont)) failed: 'pkg-config --short-errors --cflags libpthread' failed:
No package 'libpthread' found
DBG 5966: libpthread: Check for static library (libs -lpthread, arfile variable STATIC_LIB_libpthread=, static filenames )
DBG 5966: Compile check libpthread () (sub=0): gcc  -g -O2 -fPIC -Wall -Wsign-compare -Wfloat-equal -Wpointer-arith -Wcast-align -Wall -Werror _mkltmpFkPJVJ.c -o _mkltmpFkPJVJ.c.o  -L/home/sanjay/fabric-samples/fabcar/apiserver/node_modules/node-rdkafka/build/deps -lpthread
DBG 5966: Setting libpthread (libpthread) status to ok (action fail)
DBG 5966: libpthread: from lib_check: LIBS: prepend -lpthread
DBG 5966: pkg-config check c11threads for CFLAGS (WITH_C11THREADS): pkg-config --short-errors --cflags c11threads
DBG 5966: 'pkg-config --short-errors --cflags c11threads' failed: No package 'c11threads' found
DBG 5966: Setting c11threads_PKGCONFIG (c11threads_PKGCONFIG) status to failed (action cont)
DBG 5966: Check c11threads_PKGCONFIG (, action cont (originally cont)) failed: 'pkg-config --short-errors --cflags c11threads' failed:
No package 'c11threads' found
DBG 5966: c11threads: Check for static library (libs -lpthread -lrt, arfile variable STATIC_LIB_c11threads=, static filenames )
DBG 5966: Compile check c11threads (WITH_C11THREADS) (sub=0): gcc  -g -O2 -fPIC -Wall -Wsign-compare -Wfloat-equal -Wpointer-arith -Wcast-align -Wall -Werror _mkltmpqc03Ea.c -o _mkltmpqc03Ea.c.o  -L/home/sanjay/fabric-samples/fabcar/apiserver/node_modules/node-rdkafka/build/deps -lpthread -lrt
DBG 5966: compile check for c11threads (WITH_C11THREADS) failed: gcc  -g -O2 -fPIC -Wall -Wsign-compare -Wfloat-equal -Wpointer-arith -Wcast-align -Wall -Werror _mkltmpqc03Ea.c -o _mkltmpqc03Ea.c.o  -L/home/sanjay/fabric-samples/fabcar/apiserver/node_modules/node-rdkafka/build/deps -lpthread -lrt: _mkltmpqc03Ea.c:2:10: fatal error: threads.h: No such file or directory
 #include <threads.h>
          ^~~~~~~~~~~
compilation terminated.
DBG 5966: Setting c11threads (c11threads) status to failed (action disable)
DBG 5966: Check c11threads (WITH_C11THREADS, action disable (originally disable)) failed: compile check failed:
CC: CC
flags: -lpthread -lrt
gcc  -g -O2 -fPIC -Wall -Wsign-compare -Wfloat-equal -Wpointer-arith -Wcast-align -Wall -Werror _mkltmpqc03Ea.c -o _mkltmpqc03Ea.c.o  -L/home/sanjay/fabric-samples/fabcar/apiserver/node_modules/node-rdkafka/build/deps -lpthread -lrt:
_mkltmpqc03Ea.c:2:10: fatal error: threads.h: No such file or directory
 #include <threads.h>
          ^~~~~~~~~~~
compilation terminated.
source: 
#include <threads.h>


static int start_func (void *arg) {
   int iarg = *(int *)arg;
   return iarg;
}

void foo (void) {
    thrd_t thr;
    int arg = 1;
    if (thrd_create(&thr, start_func, (void *)&arg) != thrd_success) {
      ;
    }
}

DBG 5966: pkg-config check libdl for CFLAGS (WITH_LIBDL): pkg-config --short-errors --cflags libdl
DBG 5966: 'pkg-config --short-errors --cflags libdl' failed: No package 'libdl' found
DBG 5966: Setting libdl_PKGCONFIG (libdl_PKGCONFIG) status to failed (action cont)
DBG 5966: Check libdl_PKGCONFIG (, action cont (originally cont)) failed: 'pkg-config --short-errors --cflags libdl' failed:
No package 'libdl' found
DBG 5966: libdl: Check for static library (libs -ldl, arfile variable STATIC_LIB_libdl=, static filenames )
DBG 5966: Compile check libdl (WITH_LIBDL) (sub=0): gcc  -g -O2 -fPIC -Wall -Wsign-compare -Wfloat-equal -Wpointer-arith -Wcast-align -Wall -Werror _mkltmpWzxTpF.c -o _mkltmpWzxTpF.c.o  -L/home/sanjay/fabric-samples/fabcar/apiserver/node_modules/node-rdkafka/build/deps -ldl
DBG 5966: Setting libdl (libdl) status to ok (action disable)
DBG 5966: libdl: from lib_check: LIBS: prepend -ldl
DBG 5966: pkg-config check zlib for CFLAGS (WITH_ZLIB): pkg-config --short-errors --cflags zlib
DBG 5966: pkg-config check zlib for LIBS (WITH_ZLIB): pkg-config --short-errors --libs zlib
DBG 5966: zlib: from pkg-config: CFLAGS '', LIBS '-ldl -lpthread -lrt'
DBG 5966: zlib: performing compile check using pkg-config info
DBG 5966: Compile check zlib (WITH_ZLIB) (sub=1): gcc  -g -O2 -fPIC -Wall -Wsign-compare -Wfloat-equal -Wpointer-arith -Wcast-align -Wall -Werror _mkltmp10FuUw.c -o _mkltmp10FuUw.c.o  -L/home/sanjay/fabric-samples/fabcar/apiserver/node_modules/node-rdkafka/build/deps  -lz
DBG 5966: zlib: Check for static library (libs -lz, arfile variable STATIC_LIB_zlib=, static filenames libz.a)
DBG 5966: zlib: from pkg-config: LIBS: prepend -lz
DBG 5966: Setting zlib (zlib) status to ok (action cont)
DBG 5966: pkg-config check libcrypto for CFLAGS (): pkg-config --short-errors --cflags libcrypto
DBG 5966: 'pkg-config --short-errors --cflags libcrypto' failed: No package 'libcrypto' found
DBG 5966: Setting libcrypto_PKGCONFIG (libcrypto_PKGCONFIG) status to failed (action cont)
DBG 5966: Check libcrypto_PKGCONFIG (, action cont (originally cont)) failed: 'pkg-config --short-errors --cflags libcrypto' failed:
No package 'libcrypto' found
DBG 5966: libcrypto: Check for static library (libs -lcrypto, arfile variable STATIC_LIB_libcrypto=, static filenames libcrypto.a)
DBG 5966: Compile check libcrypto () (sub=0): gcc  -g -O2 -fPIC -Wall -Wsign-compare -Wfloat-equal -Wpointer-arith -Wcast-align -Wall -Werror _mkltmp2SjTIY.c -o _mkltmp2SjTIY.c.o  -L/home/sanjay/fabric-samples/fabcar/apiserver/node_modules/node-rdkafka/build/deps -lcrypto
DBG 5966: compile check for libcrypto () failed: gcc  -g -O2 -fPIC -Wall -Wsign-compare -Wfloat-equal -Wpointer-arith -Wcast-align -Wall -Werror _mkltmp2SjTIY.c -o _mkltmp2SjTIY.c.o  -L/home/sanjay/fabric-samples/fabcar/apiserver/node_modules/node-rdkafka/build/deps -lcrypto: _mkltmp2SjTIY.c:2:10: fatal error: openssl/ssl.h: No such file or directory
 #include <openssl/ssl.h>
          ^~~~~~~~~~~~~~~
compilation terminated.
DBG 5966: Setting libcrypto (libcrypto) status to failed (action disable)
DBG 5966: Check libcrypto (, action disable (originally disable)) failed: compile check failed:
CC: CC
flags: -lcrypto
gcc  -g -O2 -fPIC -Wall -Wsign-compare -Wfloat-equal -Wpointer-arith -Wcast-align -Wall -Werror _mkltmp2SjTIY.c -o _mkltmp2SjTIY.c.o  -L/home/sanjay/fabric-samples/fabcar/apiserver/node_modules/node-rdkafka/build/deps -lcrypto:
_mkltmp2SjTIY.c:2:10: fatal error: openssl/ssl.h: No such file or directory
 #include <openssl/ssl.h>
          ^~~~~~~~~~~~~~~
compilation terminated.
source: 
#include <openssl/ssl.h>
#include <openssl/evp.h>
#if OPENSSL_VERSION_NUMBER < 0x1000100fL
#error "Requires OpenSSL version >= v1.0.1"
#endif
DBG 5966: pkg-config check libsasl2 for CFLAGS (WITH_SASL_CYRUS): pkg-config --short-errors --cflags libsasl2
DBG 5966: 'pkg-config --short-errors --cflags libsasl2' failed: No package 'libsasl2' found
DBG 5966: Setting libsasl2_PKGCONFIG (libsasl2_PKGCONFIG) status to failed (action cont)
DBG 5966: Check libsasl2_PKGCONFIG (, action cont (originally cont)) failed: 'pkg-config --short-errors --cflags libsasl2' failed:
No package 'libsasl2' found
DBG 5966: libsasl2: Check for static library (libs -lsasl2, arfile variable STATIC_LIB_libsasl2=, static filenames )
DBG 5966: Compile check libsasl2 (WITH_SASL_CYRUS) (sub=0): gcc  -g -O2 -fPIC -Wall -Wsign-compare -Wfloat-equal -Wpointer-arith -Wcast-align -Wall -Werror _mkltmpFgqSQO.c -o _mkltmpFgqSQO.c.o  -L/home/sanjay/fabric-samples/fabcar/apiserver/node_modules/node-rdkafka/build/deps -lsasl2
DBG 5966: compile check for libsasl2 (WITH_SASL_CYRUS) failed: gcc  -g -O2 -fPIC -Wall -Wsign-compare -Wfloat-equal -Wpointer-arith -Wcast-align -Wall -Werror _mkltmpFgqSQO.c -o _mkltmpFgqSQO.c.o  -L/home/sanjay/fabric-samples/fabcar/apiserver/node_modules/node-rdkafka/build/deps -lsasl2: _mkltmpFgqSQO.c:1:10: fatal error: sasl/sasl.h: No such file or directory
 #include <sasl/sasl.h>
          ^~~~~~~~~~~~~
compilation terminated.
DBG 5966: Setting libsasl2 (libsasl2) status to failed (action disable)
DBG 5966: Check libsasl2 (WITH_SASL_CYRUS, action disable (originally disable)) failed: compile check failed:
CC: CC
flags: -lsasl2
gcc  -g -O2 -fPIC -Wall -Wsign-compare -Wfloat-equal -Wpointer-arith -Wcast-align -Wall -Werror _mkltmpFgqSQO.c -o _mkltmpFgqSQO.c.o  -L/home/sanjay/fabric-samples/fabcar/apiserver/node_modules/node-rdkafka/build/deps -lsasl2:
_mkltmpFgqSQO.c:1:10: fatal error: sasl/sasl.h: No such file or directory
 #include <sasl/sasl.h>
          ^~~~~~~~~~~~~
compilation terminated.
source: #include <sasl/sasl.h>
DBG 5966: pkg-config check libsasl for CFLAGS (WITH_SASL_CYRUS): pkg-config --short-errors --cflags libsasl
DBG 5966: 'pkg-config --short-errors --cflags libsasl' failed: No package 'libsasl' found
DBG 5966: Setting libsasl_PKGCONFIG (libsasl_PKGCONFIG) status to failed (action cont)
DBG 5966: Check libsasl_PKGCONFIG (, action cont (originally cont)) failed: 'pkg-config --short-errors --cflags libsasl' failed:
No package 'libsasl' found
DBG 5966: libsasl: Check for static library (libs -lsasl, arfile variable STATIC_LIB_libsasl=, static filenames )
DBG 5966: Compile check libsasl (WITH_SASL_CYRUS) (sub=0): gcc  -g -O2 -fPIC -Wall -Wsign-compare -Wfloat-equal -Wpointer-arith -Wcast-align -Wall -Werror _mkltmpWsp20Y.c -o _mkltmpWsp20Y.c.o  -L/home/sanjay/fabric-samples/fabcar/apiserver/node_modules/node-rdkafka/build/deps -lsasl
DBG 5966: compile check for libsasl (WITH_SASL_CYRUS) failed: gcc  -g -O2 -fPIC -Wall -Wsign-compare -Wfloat-equal -Wpointer-arith -Wcast-align -Wall -Werror _mkltmpWsp20Y.c -o _mkltmpWsp20Y.c.o  -L/home/sanjay/fabric-samples/fabcar/apiserver/node_modules/node-rdkafka/build/deps -lsasl: _mkltmpWsp20Y.c:1:10: fatal error: sasl/sasl.h: No such file or directory
 #include <sasl/sasl.h>
          ^~~~~~~~~~~~~
compilation terminated.
DBG 5966: Setting libsasl (libsasl) status to failed (action disable)
DBG 5966: Check libsasl (WITH_SASL_CYRUS, action disable (originally disable)) failed: compile check failed:
CC: CC
flags: -lsasl
gcc  -g -O2 -fPIC -Wall -Wsign-compare -Wfloat-equal -Wpointer-arith -Wcast-align -Wall -Werror _mkltmpWsp20Y.c -o _mkltmpWsp20Y.c.o  -L/home/sanjay/fabric-samples/fabcar/apiserver/node_modules/node-rdkafka/build/deps -lsasl:
_mkltmpWsp20Y.c:1:10: fatal error: sasl/sasl.h: No such file or directory
 #include <sasl/sasl.h>
          ^~~~~~~~~~~~~
compilation terminated.
source: #include <sasl/sasl.h>
DBG 5966: pkg-config check libzstd for CFLAGS (WITH_ZSTD): pkg-config --short-errors --cflags libzstd
DBG 5966: 'pkg-config --short-errors --cflags libzstd' failed: No package 'libzstd' found
DBG 5966: Setting libzstd_PKGCONFIG (libzstd_PKGCONFIG) status to failed (action cont)
DBG 5966: Check libzstd_PKGCONFIG (, action cont (originally cont)) failed: 'pkg-config --short-errors --cflags libzstd' failed:
No package 'libzstd' found
DBG 5966: libzstd: Check for static library (libs -lzstd, arfile variable STATIC_LIB_libzstd=, static filenames libzstd.a)
DBG 5966: Compile check libzstd (WITH_ZSTD) (sub=0): gcc  -g -O2 -fPIC -Wall -Wsign-compare -Wfloat-equal -Wpointer-arith -Wcast-align -Wall -Werror _mkltmpf3BZrx.c -o _mkltmpf3BZrx.c.o  -L/home/sanjay/fabric-samples/fabcar/apiserver/node_modules/node-rdkafka/build/deps -lzstd
DBG 5966: compile check for libzstd (WITH_ZSTD) failed: gcc  -g -O2 -fPIC -Wall -Wsign-compare -Wfloat-equal -Wpointer-arith -Wcast-align -Wall -Werror _mkltmpf3BZrx.c -o _mkltmpf3BZrx.c.o  -L/home/sanjay/fabric-samples/fabcar/apiserver/node_modules/node-rdkafka/build/deps -lzstd: _mkltmpf3BZrx.c:2:10: fatal error: zstd.h: No such file or directory
 #include <zstd.h>
          ^~~~~~~~
compilation terminated.
DBG 5966: Setting libzstd (libzstd) status to failed (action disable)
DBG 5966: Check libzstd (WITH_ZSTD, action disable (originally disable)) failed: compile check failed:
CC: CC
flags: -lzstd
gcc  -g -O2 -fPIC -Wall -Wsign-compare -Wfloat-equal -Wpointer-arith -Wcast-align -Wall -Werror _mkltmpf3BZrx.c -o _mkltmpf3BZrx.c.o  -L/home/sanjay/fabric-samples/fabcar/apiserver/node_modules/node-rdkafka/build/deps -lzstd:
_mkltmpf3BZrx.c:2:10: fatal error: zstd.h: No such file or directory
 #include <zstd.h>
          ^~~~~~~~
compilation terminated.
source: 
#include <zstd.h>
#include <zstd_errors.h>

void foo (void) {
     ZSTD_getFrameContentSize(NULL, 0);
}

DBG 5966: pkg-config check libm for CFLAGS (): pkg-config --short-errors --cflags libm
DBG 5966: 'pkg-config --short-errors --cflags libm' failed: No package 'libm' found
DBG 5966: Setting libm_PKGCONFIG (libm_PKGCONFIG) status to failed (action cont)
DBG 5966: Check libm_PKGCONFIG (, action cont (originally cont)) failed: 'pkg-config --short-errors --cflags libm' failed:
No package 'libm' found
DBG 5966: libm: Check for static library (libs -lm, arfile variable STATIC_LIB_libm=, static filenames )
DBG 5966: Compile check libm () (sub=0): gcc  -g -O2 -fPIC -Wall -Wsign-compare -Wfloat-equal -Wpointer-arith -Wcast-align -Wall -Werror _mkltmp6rstiI.c -o _mkltmp6rstiI.c.o  -L/home/sanjay/fabric-samples/fabcar/apiserver/node_modules/node-rdkafka/build/deps -lm
DBG 5966: Setting libm (libm) status to ok (action disable)
DBG 5966: libm: from lib_check: LIBS: prepend -lm
DBG 5966: pkg-config check liblz4 for CFLAGS (WITH_LZ4_EXT): pkg-config --short-errors --cflags liblz4
DBG 5966: 'pkg-config --short-errors --cflags liblz4' failed: No package 'liblz4' found
DBG 5966: Setting liblz4_PKGCONFIG (liblz4_PKGCONFIG) status to failed (action cont)
DBG 5966: Check liblz4_PKGCONFIG (, action cont (originally cont)) failed: 'pkg-config --short-errors --cflags liblz4' failed:
No package 'liblz4' found
DBG 5966: liblz4: Check for static library (libs -llz4, arfile variable STATIC_LIB_liblz4=, static filenames liblz4.a)
DBG 5966: Compile check liblz4 (WITH_LZ4_EXT) (sub=0): gcc  -g -O2 -fPIC -Wall -Wsign-compare -Wfloat-equal -Wpointer-arith -Wcast-align -Wall -Werror _mkltmp9Jyg8R.c -o _mkltmp9Jyg8R.c.o  -L/home/sanjay/fabric-samples/fabcar/apiserver/node_modules/node-rdkafka/build/deps -llz4
DBG 5966: compile check for liblz4 (WITH_LZ4_EXT) failed: gcc  -g -O2 -fPIC -Wall -Wsign-compare -Wfloat-equal -Wpointer-arith -Wcast-align -Wall -Werror _mkltmp9Jyg8R.c -o _mkltmp9Jyg8R.c.o  -L/home/sanjay/fabric-samples/fabcar/apiserver/node_modules/node-rdkafka/build/deps -llz4: _mkltmp9Jyg8R.c:1:10: fatal error: lz4frame.h: No such file or directory
 #include <lz4frame.h>
          ^~~~~~~~~~~~
compilation terminated.
DBG 5966: Setting liblz4 (liblz4) status to failed (action disable)
DBG 5966: Check liblz4 (WITH_LZ4_EXT, action disable (originally disable)) failed: compile check failed:
CC: CC
flags: -llz4
gcc  -g -O2 -fPIC -Wall -Wsign-compare -Wfloat-equal -Wpointer-arith -Wcast-align -Wall -Werror _mkltmp9Jyg8R.c -o _mkltmp9Jyg8R.c.o  -L/home/sanjay/fabric-samples/fabcar/apiserver/node_modules/node-rdkafka/build/deps -llz4:
_mkltmp9Jyg8R.c:1:10: fatal error: lz4frame.h: No such file or directory
 #include <lz4frame.h>
          ^~~~~~~~~~~~
compilation terminated.
source: #include <lz4frame.h>
DBG 5966: Compile check syslog (WITH_SYSLOG) (sub=0): gcc  -g -O2 -fPIC -Wall -Wsign-compare -Wfloat-equal -Wpointer-arith -Wcast-align -Wall -Werror _mkltmp0lLnMY.c -o _mkltmp0lLnMY.c.o  -L/home/sanjay/fabric-samples/fabcar/apiserver/node_modules/node-rdkafka/build/deps 
DBG 5966: Setting syslog (syslog) status to ok (action disable)
DBG 5966: Compile check rapidjson (WITH_RAPIDJSON) (sub=0): g++  -g -O2 -fPIC -Wall -Wsign-compare -Wfloat-equal -Wpointer-arith -Wcast-align -Wall -Werror _mkltmpmHAyYs.cpp -o _mkltmpmHAyYs.cpp.o  -L/home/sanjay/fabric-samples/fabcar/apiserver/node_modules/node-rdkafka/build/deps 
DBG 5966: compile check for rapidjson (WITH_RAPIDJSON) failed: g++  -g -O2 -fPIC -Wall -Wsign-compare -Wfloat-equal -Wpointer-arith -Wcast-align -Wall -Werror _mkltmpmHAyYs.cpp -o _mkltmpmHAyYs.cpp.o  -L/home/sanjay/fabric-samples/fabcar/apiserver/node_modules/node-rdkafka/build/deps : _mkltmpmHAyYs.cpp:1:10: fatal error: rapidjson/schema.h: No such file or directory
 #include <rapidjson/schema.h>
          ^~~~~~~~~~~~~~~~~~~~
compilation terminated.
DBG 5966: Setting rapidjson (rapidjson) status to failed (action disable)
DBG 5966: Check rapidjson (WITH_RAPIDJSON, action disable (originally disable)) failed: compile check failed:
CC: CXX
flags: 
g++  -g -O2 -fPIC -Wall -Wsign-compare -Wfloat-equal -Wpointer-arith -Wcast-align -Wall -Werror _mkltmpmHAyYs.cpp -o _mkltmpmHAyYs.cpp.o  -L/home/sanjay/fabric-samples/fabcar/apiserver/node_modules/node-rdkafka/build/deps :
_mkltmpmHAyYs.cpp:1:10: fatal error: rapidjson/schema.h: No such file or directory
 #include <rapidjson/schema.h>
          ^~~~~~~~~~~~~~~~~~~~
compilation terminated.
source: #include <rapidjson/schema.h>
DBG 5966: Compile check crc32chw (WITH_CRC32C_HW) (sub=0): gcc  -g -O2 -fPIC -Wall -Wsign-compare -Wfloat-equal -Wpointer-arith -Wcast-align -Wall -Werror _mkltmpU0wZTK.c -o _mkltmpU0wZTK.c.o  -L/home/sanjay/fabric-samples/fabcar/apiserver/node_modules/node-rdkafka/build/deps 
DBG 5966: Setting crc32chw (crc32chw) status to ok (action disable)
DBG 5966: Compile check regex (HAVE_REGEX) (sub=0): gcc  -g -O2 -fPIC -Wall -Wsign-compare -Wfloat-equal -Wpointer-arith -Wcast-align -Wall -Werror _mkltmpMqWl58.c -o _mkltmpMqWl58.c.o  -L/home/sanjay/fabric-samples/fabcar/apiserver/node_modules/node-rdkafka/build/deps 
DBG 5966: Setting regex (regex) status to ok (action disable)
DBG 5966: Compile check strndup (HAVE_STRNDUP) (sub=0): gcc  -g -O2 -fPIC -Wall -Wsign-compare -Wfloat-equal -Wpointer-arith -Wcast-align -Wall -Werror _mkltmp57HXyG.c -o _mkltmp57HXyG.c.o  -L/home/sanjay/fabric-samples/fabcar/apiserver/node_modules/node-rdkafka/build/deps 
DBG 5966: Setting strndup (strndup) status to ok (action disable)
DBG 5966: Compile check strlcpy (HAVE_STRLCPY) (sub=0): gcc  -g -O2 -fPIC -Wall -Wsign-compare -Wfloat-equal -Wpointer-arith -Wcast-align -Wall -Werror _mkltmpAbqPse.c -o _mkltmpAbqPse.c.o  -L/home/sanjay/fabric-samples/fabcar/apiserver/node_modules/node-rdkafka/build/deps 
DBG 5966: compile check for strlcpy (HAVE_STRLCPY) failed: gcc  -g -O2 -fPIC -Wall -Wsign-compare -Wfloat-equal -Wpointer-arith -Wcast-align -Wall -Werror _mkltmpAbqPse.c -o _mkltmpAbqPse.c.o  -L/home/sanjay/fabric-samples/fabcar/apiserver/node_modules/node-rdkafka/build/deps : _mkltmpAbqPse.c: In function ‘foo’:
_mkltmpAbqPse.c:6:11: error: implicit declaration of function ‘strlcpy’; did you mean ‘strncpy’? [-Werror=implicit-function-declaration]
    return strlcpy(dest, "something", sizeof(dest));
           ^~~~~~~
           strncpy
cc1: all warnings being treated as errors
DBG 5966: Setting strlcpy (strlcpy) status to failed (action disable)
DBG 5966: Check strlcpy (HAVE_STRLCPY, action disable (originally disable)) failed: compile check failed:
CC: CC
flags: 
gcc  -g -O2 -fPIC -Wall -Wsign-compare -Wfloat-equal -Wpointer-arith -Wcast-align -Wall -Werror _mkltmpAbqPse.c -o _mkltmpAbqPse.c.o  -L/home/sanjay/fabric-samples/fabcar/apiserver/node_modules/node-rdkafka/build/deps :
_mkltmpAbqPse.c: In function ‘foo’:
_mkltmpAbqPse.c:6:11: error: implicit declaration of function ‘strlcpy’; did you mean ‘strncpy’? [-Werror=implicit-function-declaration]
    return strlcpy(dest, "something", sizeof(dest));
           ^~~~~~~
           strncpy
cc1: all warnings being treated as errors
source: 
#define _DARWIN_C_SOURCE
#include <string.h>
int foo (void) {
    char dest[4];
   return strlcpy(dest, "something", sizeof(dest));
}
DBG 5966: Compile check strerror_r (HAVE_STRERROR_R) (sub=0): gcc  -g -O2 -fPIC -Wall -Wsign-compare -Wfloat-equal -Wpointer-arith -Wcast-align -Wall -Werror _mkltmp5RkCy3.c -o _mkltmp5RkCy3.c.o  -L/home/sanjay/fabric-samples/fabcar/apiserver/node_modules/node-rdkafka/build/deps 
DBG 5966: Setting strerror_r (strerror_r) status to ok (action disable)
DBG 5966: Compile check pthread_setname_gnu (HAVE_PTHREAD_SETNAME_GNU) (sub=0): gcc  -g -O2 -fPIC -Wall -Wsign-compare -Wfloat-equal -Wpointer-arith -Wcast-align -Wall -Werror _mkltmp5Bk1vy.c -o _mkltmp5Bk1vy.c.o  -L/home/sanjay/fabric-samples/fabcar/apiserver/node_modules/node-rdkafka/build/deps -D_GNU_SOURCE -lpthread
DBG 5966: Setting pthread_setname_gnu (pthread_setname_gnu) status to ok (action disable)
DBG 5966: Setting nm (nm) status to ok (action cont)
DBG 5966: Setting python3 (python3) status to ok (action disable)
DBG 5966: Compile check getrusage (HAVE_GETRUSAGE) (sub=0): gcc  -g -O2 -fPIC -Wall -Wsign-compare -Wfloat-equal -Wpointer-arith -Wcast-align -Wall -Werror _mkltmplGg6p9.c -o _mkltmplGg6p9.c.o  -L/home/sanjay/fabric-samples/fabcar/apiserver/node_modules/node-rdkafka/build/deps 
DBG 5966: Setting getrusage (getrusage) status to ok (action disable)
